mode: set
MatchingAPI/security/jwtConfigMiddleware.go:14.52,18.74 1 0
MatchingAPI/security/jwtConfigMiddleware.go:18.74,20.4 1 0
MatchingAPI/security/jwtConfigMiddleware.go:24.52,25.53 1 1
MatchingAPI/security/jwtConfigMiddleware.go:31.2,31.40 1 1
MatchingAPI/security/jwtConfigMiddleware.go:34.2,35.16 2 1
MatchingAPI/security/jwtConfigMiddleware.go:38.2,38.18 1 1
MatchingAPI/security/jwtConfigMiddleware.go:41.2,41.67 1 1
MatchingAPI/security/jwtConfigMiddleware.go:49.2,49.19 1 1
MatchingAPI/security/jwtConfigMiddleware.go:25.53,26.32 1 1
MatchingAPI/security/jwtConfigMiddleware.go:29.3,29.45 1 1
MatchingAPI/security/jwtConfigMiddleware.go:26.32,28.4 1 0
MatchingAPI/security/jwtConfigMiddleware.go:31.40,33.3 1 1
MatchingAPI/security/jwtConfigMiddleware.go:35.16,37.3 1 0
MatchingAPI/security/jwtConfigMiddleware.go:38.18,40.3 1 0
MatchingAPI/security/jwtConfigMiddleware.go:41.67,43.58 2 1
MatchingAPI/security/jwtConfigMiddleware.go:43.58,44.24 1 1
MatchingAPI/security/jwtConfigMiddleware.go:44.24,46.5 1 1
MatchingAPI/controller/userController.go:23.70,24.34 1 0
MatchingAPI/controller/userController.go:33.2,33.30 1 0
MatchingAPI/controller/userController.go:24.34,27.35 3 0
MatchingAPI/controller/userController.go:27.35,31.4 1 0
MatchingAPI/controller/userController.go:44.55,46.2 1 0
MatchingAPI/controller/userController.go:56.60,58.2 1 0
MatchingAPI/config/env.go:14.19,16.2 1 0
MatchingAPI/config/env.go:18.37,20.8 2 1
MatchingAPI/config/env.go:24.2,24.12 1 1
MatchingAPI/config/env.go:20.8,22.3 1 0
MatchingAPI/main.go:12.13,15.2 2 0
MatchingAPI/config/config.go:19.13,21.16 2 1
MatchingAPI/config/config.go:25.2,25.81 1 1
MatchingAPI/config/config.go:29.2,30.16 2 1
MatchingAPI/config/config.go:33.2,36.16 3 1
MatchingAPI/config/config.go:40.2,41.16 2 1
MatchingAPI/config/config.go:21.16,22.13 1 0
MatchingAPI/config/config.go:25.81,27.3 1 1
MatchingAPI/config/config.go:30.16,31.13 1 0
MatchingAPI/config/config.go:36.16,37.13 1 0
MatchingAPI/config/config.go:41.16,42.13 1 0
MatchingAPI/config/config.go:46.20,48.2 1 1
MatchingAPI/controller/matchingController.go:24.82,25.27 1 0
MatchingAPI/controller/matchingController.go:34.2,34.23 1 0
MatchingAPI/controller/matchingController.go:25.27,28.28 3 0
MatchingAPI/controller/matchingController.go:28.28,32.4 1 0
MatchingAPI/controller/matchingController.go:50.63,56.16 5 0
MatchingAPI/controller/matchingController.go:59.2,60.16 2 0
MatchingAPI/controller/matchingController.go:63.2,64.16 2 0
MatchingAPI/controller/matchingController.go:67.2,73.16 3 0
MatchingAPI/controller/matchingController.go:76.2,77.16 2 0
MatchingAPI/controller/matchingController.go:80.2,80.50 1 0
MatchingAPI/controller/matchingController.go:56.16,58.3 1 0
MatchingAPI/controller/matchingController.go:60.16,62.3 1 0
MatchingAPI/controller/matchingController.go:64.16,66.3 1 0
MatchingAPI/controller/matchingController.go:73.16,75.3 1 0
MatchingAPI/controller/matchingController.go:77.16,79.3 1 0
MatchingAPI/server/server.go:16.26,18.2 1 0
MatchingAPI/server/server.go:20.13,28.2 1 1
MatchingAPI/server/server.go:30.56,32.76 2 0
MatchingAPI/server/server.go:37.2,37.81 1 0
MatchingAPI/server/server.go:42.2,42.81 1 0
MatchingAPI/server/server.go:48.2,48.58 1 0
MatchingAPI/server/server.go:32.76,36.3 3 0
MatchingAPI/server/server.go:37.81,41.3 3 0
MatchingAPI/server/server.go:42.81,46.3 3 0
MatchingAPI/server/server.go:51.45,56.2 4 0
MatchingAPI/exception/errorTypes.go:7.43,9.2 1 0
MatchingAPI/exception/errorTypes.go:11.45,15.2 1 0
MatchingAPI/exception/errorTypes.go:21.48,23.2 1 1
MatchingAPI/exception/errorTypes.go:25.55,29.2 1 1
MatchingAPI/exception/errorTypes.go:35.43,37.2 1 1
MatchingAPI/exception/errorTypes.go:39.64,43.2 1 1
MatchingAPI/exception/errorTypes.go:50.48,52.2 1 1
MatchingAPI/exception/errorTypes.go:54.55,58.2 1 1
MatchingAPI/service/userService.go:21.36,22.31 1 1
MatchingAPI/service/userService.go:29.2,29.27 1 1
MatchingAPI/service/userService.go:22.31,25.32 3 1
MatchingAPI/service/userService.go:25.32,27.4 1 1
MatchingAPI/service/userService.go:32.53,49.2 4 1
MatchingAPI/service/userService.go:51.58,68.2 4 1
MatchingAPI/initialization/driverAPI.go:17.38,26.2 1 0
MatchingAPI/route/userRoute.go:8.54,11.2 2 0
MatchingAPI/test/util/httpClients.go:19.68,24.2 1 1
MatchingAPI/test/util/httpClients.go:29.75,31.2 1 1
MatchingAPI/test/util/httpClients.go:36.80,42.2 1 1
MatchingAPI/test/util/httpClients.go:47.80,53.2 1 1
MatchingAPI/route/searching.go:10.60,19.2 5 0
MatchingAPI/mock/mock_matchingController.go:26.83,30.2 3 0
MatchingAPI/mock/mock_matchingController.go:33.81,35.2 1 0
MatchingAPI/mock/mock_matchingController.go:38.68,43.2 4 0
MatchingAPI/mock/mock_matchingController.go:46.87,49.2 2 0
MatchingAPI/mock/mock_matchingService.go:27.77,31.2 3 0
MatchingAPI/mock/mock_matchingService.go:34.75,36.2 1 0
MatchingAPI/mock/mock_matchingService.go:39.119,45.2 5 0
MatchingAPI/mock/mock_matchingService.go:48.93,51.2 2 0
MatchingAPI/mock/mock_userService.go:26.69,30.2 3 0
MatchingAPI/mock/mock_userService.go:33.67,35.2 1 0
MatchingAPI/mock/mock_userService.go:38.58,43.2 4 0
MatchingAPI/mock/mock_userService.go:46.66,49.2 2 0
MatchingAPI/mock/mock_userService.go:52.63,57.2 4 0
MatchingAPI/mock/mock_userService.go:60.71,63.2 2 0
MatchingAPI/docs/docs.go:145.13,147.2 1 1
MatchingAPI/service/matchingService.go:24.44,25.27 1 1
MatchingAPI/service/matchingService.go:32.2,32.23 1 1
MatchingAPI/service/matchingService.go:25.27,28.28 3 1
MatchingAPI/service/matchingService.go:28.28,30.4 1 1
MatchingAPI/service/matchingService.go:35.125,39.58 2 1
MatchingAPI/service/matchingService.go:74.2,74.9 1 1
MatchingAPI/service/matchingService.go:39.58,41.17 2 1
MatchingAPI/service/matchingService.go:45.3,46.22 2 1
MatchingAPI/service/matchingService.go:49.3,50.60 2 1
MatchingAPI/service/matchingService.go:53.3,53.53 1 1
MatchingAPI/service/matchingService.go:56.3,56.17 1 1
MatchingAPI/service/matchingService.go:60.3,64.17 4 1
MatchingAPI/service/matchingService.go:68.3,69.13 2 1
MatchingAPI/service/matchingService.go:41.17,43.4 1 0
MatchingAPI/service/matchingService.go:46.22,48.4 1 1
MatchingAPI/service/matchingService.go:50.60,52.4 1 1
MatchingAPI/service/matchingService.go:53.53,55.4 1 1
MatchingAPI/service/matchingService.go:56.17,58.4 1 0
MatchingAPI/service/matchingService.go:64.17,66.4 1 0
MatchingAPI/service/matchingService.go:70.27,72.3 1 1
MatchingAPI/service/matchingService.go:75.37,76.23 1 1
MatchingAPI/service/matchingService.go:77.27,78.18 1 1
MatchingAPI/util/requests.go:10.83,17.16 3 1
MatchingAPI/util/requests.go:20.2,22.21 3 1
MatchingAPI/util/requests.go:17.16,19.3 1 0
MatchingAPI/initialization/userAPI.go:16.34,25.2 1 0
MatchingAPI/route/route.go:21.26,28.2 5 0
MatchingAPI/config/env.go:14.19,16.2 1 0
MatchingAPI/config/env.go:18.37,20.8 2 1
MatchingAPI/config/env.go:24.2,24.12 1 1
MatchingAPI/config/env.go:20.8,22.3 1 0
MatchingAPI/test/util/httpClients.go:19.68,24.2 1 0
MatchingAPI/test/util/httpClients.go:29.75,31.2 1 0
MatchingAPI/test/util/httpClients.go:36.80,42.2 1 0
MatchingAPI/test/util/httpClients.go:47.80,53.2 1 0
MatchingAPI/mock/mock_userService.go:26.69,30.2 3 0
MatchingAPI/mock/mock_userService.go:33.67,35.2 1 0
MatchingAPI/mock/mock_userService.go:38.58,43.2 4 0
MatchingAPI/mock/mock_userService.go:46.66,49.2 2 0
MatchingAPI/mock/mock_userService.go:52.63,57.2 4 0
MatchingAPI/mock/mock_userService.go:60.71,63.2 2 0
MatchingAPI/exception/errorTypes.go:7.43,9.2 1 0
MatchingAPI/exception/errorTypes.go:11.45,15.2 1 0
MatchingAPI/exception/errorTypes.go:21.48,23.2 1 0
MatchingAPI/exception/errorTypes.go:25.55,29.2 1 0
MatchingAPI/exception/errorTypes.go:35.43,37.2 1 0
MatchingAPI/exception/errorTypes.go:39.64,43.2 1 0
MatchingAPI/exception/errorTypes.go:50.48,52.2 1 0
MatchingAPI/exception/errorTypes.go:54.55,58.2 1 0
MatchingAPI/docs/docs.go:145.13,147.2 1 1
MatchingAPI/controller/userController.go:23.70,24.34 1 0
MatchingAPI/controller/userController.go:33.2,33.30 1 0
MatchingAPI/controller/userController.go:24.34,27.35 3 0
MatchingAPI/controller/userController.go:27.35,31.4 1 0
MatchingAPI/controller/userController.go:44.55,46.2 1 0
MatchingAPI/controller/userController.go:56.60,58.2 1 0
MatchingAPI/route/searching.go:10.60,19.2 5 0
MatchingAPI/mock/mock_matchingService.go:27.77,31.2 3 1
MatchingAPI/mock/mock_matchingService.go:34.75,36.2 1 1
MatchingAPI/mock/mock_matchingService.go:39.119,45.2 5 1
MatchingAPI/mock/mock_matchingService.go:48.93,51.2 2 1
MatchingAPI/initialization/driverAPI.go:17.38,26.2 1 0
MatchingAPI/controller/matchingController.go:24.82,25.27 1 1
MatchingAPI/controller/matchingController.go:34.2,34.23 1 1
MatchingAPI/controller/matchingController.go:25.27,28.28 3 1
MatchingAPI/controller/matchingController.go:28.28,32.4 1 1
MatchingAPI/controller/matchingController.go:50.63,56.16 5 1
MatchingAPI/controller/matchingController.go:59.2,60.16 2 1
MatchingAPI/controller/matchingController.go:63.2,64.16 2 1
MatchingAPI/controller/matchingController.go:67.2,73.16 3 1
MatchingAPI/controller/matchingController.go:76.2,77.16 2 1
MatchingAPI/controller/matchingController.go:80.2,80.50 1 1
MatchingAPI/controller/matchingController.go:56.16,58.3 1 0
MatchingAPI/controller/matchingController.go:60.16,62.3 1 0
MatchingAPI/controller/matchingController.go:64.16,66.3 1 0
MatchingAPI/controller/matchingController.go:73.16,75.3 1 0
MatchingAPI/controller/matchingController.go:77.16,79.3 1 0
MatchingAPI/util/requests.go:10.83,17.16 3 0
MatchingAPI/util/requests.go:20.2,22.21 3 0
MatchingAPI/util/requests.go:17.16,19.3 1 0
MatchingAPI/route/route.go:21.26,28.2 5 0
MatchingAPI/route/userRoute.go:8.54,11.2 2 0
MatchingAPI/server/server.go:16.26,18.2 1 0
MatchingAPI/server/server.go:20.13,28.2 1 1
MatchingAPI/server/server.go:30.56,32.76 2 0
MatchingAPI/server/server.go:37.2,37.81 1 0
MatchingAPI/server/server.go:42.2,42.81 1 0
MatchingAPI/server/server.go:48.2,48.58 1 0
MatchingAPI/server/server.go:32.76,36.3 3 0
MatchingAPI/server/server.go:37.81,41.3 3 0
MatchingAPI/server/server.go:42.81,46.3 3 0
MatchingAPI/server/server.go:51.45,56.2 4 0
MatchingAPI/mock/mock_matchingController.go:26.83,30.2 3 0
MatchingAPI/mock/mock_matchingController.go:33.81,35.2 1 0
MatchingAPI/mock/mock_matchingController.go:38.68,43.2 4 0
MatchingAPI/mock/mock_matchingController.go:46.87,49.2 2 0
MatchingAPI/initialization/userAPI.go:16.34,25.2 1 0
MatchingAPI/security/jwtConfigMiddleware.go:14.52,18.74 1 0
MatchingAPI/security/jwtConfigMiddleware.go:18.74,20.4 1 0
MatchingAPI/security/jwtConfigMiddleware.go:24.52,25.53 1 0
MatchingAPI/security/jwtConfigMiddleware.go:31.2,31.40 1 0
MatchingAPI/security/jwtConfigMiddleware.go:34.2,35.16 2 0
MatchingAPI/security/jwtConfigMiddleware.go:38.2,38.18 1 0
MatchingAPI/security/jwtConfigMiddleware.go:41.2,41.67 1 0
MatchingAPI/security/jwtConfigMiddleware.go:49.2,49.19 1 0
MatchingAPI/security/jwtConfigMiddleware.go:25.53,26.32 1 0
MatchingAPI/security/jwtConfigMiddleware.go:29.3,29.45 1 0
MatchingAPI/security/jwtConfigMiddleware.go:26.32,28.4 1 0
MatchingAPI/security/jwtConfigMiddleware.go:31.40,33.3 1 0
MatchingAPI/security/jwtConfigMiddleware.go:35.16,37.3 1 0
MatchingAPI/security/jwtConfigMiddleware.go:38.18,40.3 1 0
MatchingAPI/security/jwtConfigMiddleware.go:41.67,43.58 2 0
MatchingAPI/security/jwtConfigMiddleware.go:43.58,44.24 1 0
MatchingAPI/security/jwtConfigMiddleware.go:44.24,46.5 1 0
MatchingAPI/config/config.go:19.13,21.16 2 1
MatchingAPI/config/config.go:25.2,25.81 1 1
MatchingAPI/config/config.go:29.2,30.16 2 1
MatchingAPI/config/config.go:33.2,36.16 3 1
MatchingAPI/config/config.go:40.2,41.16 2 1
MatchingAPI/config/config.go:21.16,22.13 1 0
MatchingAPI/config/config.go:25.81,27.3 1 1
MatchingAPI/config/config.go:30.16,31.13 1 0
MatchingAPI/config/config.go:36.16,37.13 1 0
MatchingAPI/config/config.go:41.16,42.13 1 0
MatchingAPI/config/config.go:46.20,48.2 1 0
MatchingAPI/service/userService.go:21.36,22.31 1 0
MatchingAPI/service/userService.go:29.2,29.27 1 0
MatchingAPI/service/userService.go:22.31,25.32 3 0
MatchingAPI/service/userService.go:25.32,27.4 1 0
MatchingAPI/service/userService.go:32.53,49.2 4 0
MatchingAPI/service/userService.go:51.58,68.2 4 0
MatchingAPI/service/matchingService.go:24.44,25.27 1 0
MatchingAPI/service/matchingService.go:32.2,32.23 1 0
MatchingAPI/service/matchingService.go:25.27,28.28 3 0
MatchingAPI/service/matchingService.go:28.28,30.4 1 0
MatchingAPI/service/matchingService.go:35.125,39.58 2 0
MatchingAPI/service/matchingService.go:74.2,74.9 1 0
MatchingAPI/service/matchingService.go:39.58,41.17 2 0
MatchingAPI/service/matchingService.go:45.3,46.22 2 0
MatchingAPI/service/matchingService.go:49.3,50.60 2 0
MatchingAPI/service/matchingService.go:53.3,53.53 1 0
MatchingAPI/service/matchingService.go:56.3,56.17 1 0
MatchingAPI/service/matchingService.go:60.3,64.17 4 0
MatchingAPI/service/matchingService.go:68.3,69.13 2 0
MatchingAPI/service/matchingService.go:41.17,43.4 1 0
MatchingAPI/service/matchingService.go:46.22,48.4 1 0
MatchingAPI/service/matchingService.go:50.60,52.4 1 0
MatchingAPI/service/matchingService.go:53.53,55.4 1 0
MatchingAPI/service/matchingService.go:56.17,58.4 1 0
MatchingAPI/service/matchingService.go:64.17,66.4 1 0
MatchingAPI/service/matchingService.go:70.27,72.3 1 0
MatchingAPI/service/matchingService.go:75.37,76.23 1 0
MatchingAPI/service/matchingService.go:77.27,78.18 1 0
MatchingAPI/main.go:12.13,15.2 2 0
